2019-05-06T03:27:47.822Z info - Database connection established
2019-05-06T03:27:47.844Z info - Fetched 1 rows successfully
2019-05-06T03:27:47.861Z info - Processed password with salt
2019-05-06T03:27:47.863Z info - Fetched 1 rows successfully
2019-05-06T03:27:47.866Z info - Created new access token
2019-05-06T03:27:47.866Z info - Created new refresh token
2019-05-06T03:27:47.871Z info - Change occurences on 1 rows
2019-05-06T03:27:47.876Z info - Database connection terminated
2019-05-06T03:29:11.678Z info - Database connection established
2019-05-06T03:29:11.689Z info - Change occurences on 1 rows
2019-05-06T03:29:11.693Z info - Database connection terminated
2019-05-06T04:05:22.036Z info - Database connection established
2019-05-06T04:05:22.068Z info - Database connection terminated
2019-05-06T04:06:24.047Z info - Database connection established
2019-05-06T04:06:24.092Z info - Database connection terminated
2019-05-06T04:39:54.840Z info - Database connection established
2019-05-06T04:39:54.849Z info - Database connection terminated
2019-05-06T04:40:25.438Z info - Database connection established
2019-05-06T04:40:25.445Z info - Database connection terminated
2019-05-06T04:40:44.114Z info - Database connection established
2019-05-06T04:40:44.120Z info - Database connection terminated
2019-05-06T04:43:48.351Z info - Database connection established
2019-05-06T04:43:48.355Z info - Database connection terminated
2019-05-06T04:43:53.219Z info - Database connection established
2019-05-06T04:43:53.223Z info - Fetched 1 rows successfully
2019-05-06T04:43:53.246Z info - Processed password with salt
2019-05-06T04:43:53.248Z info - Fetched 1 rows successfully
2019-05-06T04:43:53.250Z info - Database connection terminated
2019-05-06T04:43:56.287Z info - Database connection established
2019-05-06T04:43:56.292Z info - Fetched 1 rows successfully
2019-05-06T04:43:56.335Z info - Processed password with salt
2019-05-06T04:43:56.337Z info - Fetched 1 rows successfully
2019-05-06T04:43:56.342Z info - Created new access token
2019-05-06T04:43:56.343Z info - Created new refresh token
2019-05-06T04:43:56.348Z info - Change occurences on 1 rows
2019-05-06T04:43:56.351Z info - Database connection terminated
2019-05-06T04:43:56.546Z info - Database connection established
2019-05-06T04:43:56.562Z info - Fetched 1 rows successfully
2019-05-06T04:43:56.568Z info - Database connection terminated
2019-05-06T04:45:32.609Z info - Database connection established
2019-05-06T04:45:32.612Z info - Fetched 1 rows successfully
2019-05-06T04:45:32.629Z info - Processed password with salt
2019-05-06T04:45:32.630Z info - Fetched 1 rows successfully
2019-05-06T04:45:32.631Z info - Created new access token
2019-05-06T04:45:32.631Z info - Created new refresh token
2019-05-06T04:45:32.634Z info - Change occurences on 1 rows
2019-05-06T04:45:32.636Z info - Database connection terminated
2019-05-06T04:45:32.859Z info - Database connection established
2019-05-06T04:45:32.862Z info - Fetched 1 rows successfully
2019-05-06T04:45:32.865Z info - Database connection terminated
2019-05-06T04:45:57.857Z info - Database connection established
2019-05-06T04:45:57.862Z info - Fetched 1 rows successfully
2019-05-06T04:45:57.908Z info - Processed password with salt
2019-05-06T04:45:57.909Z info - Fetched 1 rows successfully
2019-05-06T04:45:57.910Z info - Created new access token
2019-05-06T04:45:57.911Z info - Created new refresh token
2019-05-06T04:45:57.915Z info - Change occurences on 1 rows
2019-05-06T04:45:57.917Z info - Database connection terminated
2019-05-06T04:45:58.109Z info - Database connection established
2019-05-06T04:45:58.117Z info - Fetched 1 rows successfully
2019-05-06T04:45:58.121Z info - Database connection terminated
2019-05-06T04:47:08.606Z info - Database connection established
2019-05-06T04:47:08.611Z info - Fetched 1 rows successfully
2019-05-06T04:47:08.631Z info - Processed password with salt
2019-05-06T04:47:08.633Z info - Fetched 1 rows successfully
2019-05-06T04:47:08.634Z info - Created new access token
2019-05-06T04:47:08.634Z info - Created new refresh token
2019-05-06T04:47:08.640Z info - Change occurences on 1 rows
2019-05-06T04:47:08.643Z info - Database connection terminated
2019-05-06T04:47:08.654Z info - Database connection established
2019-05-06T04:47:08.658Z info - Fetched 1 rows successfully
2019-05-06T04:47:08.659Z info - Database connection terminated
2019-05-06T04:47:11.496Z info - Database connection established
2019-05-06T04:47:11.500Z info - Fetched 1 rows successfully
2019-05-06T04:47:11.531Z info - Processed password with salt
2019-05-06T04:47:11.532Z info - Fetched 1 rows successfully
2019-05-06T04:47:11.533Z info - Created new access token
2019-05-06T04:47:11.533Z info - Created new refresh token
2019-05-06T04:47:11.537Z info - Change occurences on 1 rows
2019-05-06T04:47:11.538Z info - Database connection terminated
2019-05-06T04:47:11.750Z info - Database connection established
2019-05-06T04:47:11.757Z info - Fetched 1 rows successfully
2019-05-06T04:47:11.761Z info - Database connection terminated
2019-05-06T04:47:51.630Z info - Database connection established
2019-05-06T04:47:51.634Z info - Fetched 1 rows successfully
2019-05-06T04:47:51.656Z info - Processed password with salt
2019-05-06T04:47:51.657Z info - Fetched 1 rows successfully
2019-05-06T04:47:51.657Z info - Created new access token
2019-05-06T04:47:51.658Z info - Created new refresh token
2019-05-06T04:47:51.661Z info - Change occurences on 1 rows
2019-05-06T04:47:51.663Z info - Database connection terminated
2019-05-06T04:47:51.671Z info - Database connection established
2019-05-06T04:47:51.674Z info - Fetched 1 rows successfully
2019-05-06T04:47:51.676Z info - Database connection terminated
2019-05-06T04:48:41.098Z info - Database connection established
2019-05-06T04:48:41.100Z info - Fetched 1 rows successfully
2019-05-06T04:48:41.116Z info - Processed password with salt
2019-05-06T04:48:41.118Z info - Fetched 1 rows successfully
2019-05-06T04:48:41.118Z info - Created new access token
2019-05-06T04:48:41.119Z info - Created new refresh token
2019-05-06T04:48:41.122Z info - Change occurences on 1 rows
2019-05-06T04:48:41.124Z info - Database connection terminated
2019-05-06T04:48:41.349Z info - Database connection established
2019-05-06T04:48:41.353Z info - Fetched 1 rows successfully
2019-05-06T04:48:41.355Z info - Database connection terminated
2019-05-06T04:50:41.478Z info - Database connection established
2019-05-06T04:50:41.482Z info - Fetched 1 rows successfully
2019-05-06T04:50:41.503Z info - Processed password with salt
2019-05-06T04:50:41.505Z info - Fetched 1 rows successfully
2019-05-06T04:50:41.506Z info - Created new access token
2019-05-06T04:50:41.506Z info - Created new refresh token
2019-05-06T04:50:41.510Z info - Change occurences on 1 rows
2019-05-06T04:50:41.511Z info - Database connection terminated
2019-05-06T04:50:41.519Z info - Database connection established
2019-05-06T04:50:41.522Z info - Fetched 1 rows successfully
2019-05-06T04:50:41.525Z info - Database connection terminated
2019-05-06T04:50:45.063Z info - Database connection established
2019-05-06T04:50:45.067Z info - Fetched 1 rows successfully
2019-05-06T04:50:45.091Z info - Processed password with salt
2019-05-06T04:50:45.092Z info - Fetched 1 rows successfully
2019-05-06T04:50:45.092Z info - Created new access token
2019-05-06T04:50:45.093Z info - Created new refresh token
2019-05-06T04:50:45.097Z info - Change occurences on 1 rows
2019-05-06T04:50:45.099Z info - Database connection terminated
2019-05-06T04:50:45.312Z info - Database connection established
2019-05-06T04:50:45.314Z info - Fetched 1 rows successfully
2019-05-06T04:50:45.330Z info - Processed password with salt
2019-05-06T04:50:45.331Z info - Fetched 1 rows successfully
2019-05-06T04:50:45.331Z info - Created new access token
2019-05-06T04:50:45.332Z info - Created new refresh token
2019-05-06T04:50:45.332Z info - Change occurences on 1 rows
2019-05-06T04:50:45.333Z info - Database connection terminated
2019-05-06T04:50:45.352Z info - Database connection established
2019-05-06T04:50:45.355Z info - Fetched 1 rows successfully
2019-05-06T04:50:45.356Z info - Database connection terminated
2019-05-06T04:50:45.408Z info - Database connection established
2019-05-06T04:50:45.411Z info - Fetched 1 rows successfully
2019-05-06T04:50:45.430Z info - Processed password with salt
2019-05-06T04:50:45.431Z info - Fetched 1 rows successfully
2019-05-06T04:50:45.432Z info - Created new access token
2019-05-06T04:50:45.432Z info - Created new refresh token
2019-05-06T04:50:45.433Z info - Change occurences on 1 rows
2019-05-06T04:50:45.435Z info - Database connection terminated
2019-05-06T04:50:45.580Z info - Database connection established
2019-05-06T04:50:45.583Z info - Fetched 1 rows successfully
2019-05-06T04:50:45.584Z info - Database connection terminated
2019-05-06T04:50:47.691Z info - Database connection established
2019-05-06T04:50:47.693Z info - Fetched 1 rows successfully
2019-05-06T04:50:47.695Z info - Database connection terminated
2019-05-06T04:51:26.557Z info - Database connection established
2019-05-06T04:51:26.561Z info - Fetched 1 rows successfully
2019-05-06T04:51:26.580Z info - Processed password with salt
2019-05-06T04:51:26.581Z info - Fetched 1 rows successfully
2019-05-06T04:51:26.581Z info - Created new access token
2019-05-06T04:51:26.582Z info - Created new refresh token
2019-05-06T04:51:26.586Z info - Change occurences on 1 rows
2019-05-06T04:51:26.588Z info - Database connection terminated
2019-05-06T04:51:26.597Z info - Database connection established
2019-05-06T04:51:26.599Z info - Fetched 1 rows successfully
2019-05-06T04:51:26.600Z info - Database connection terminated
2019-05-06T04:51:32.472Z info - Database connection established
2019-05-06T04:51:32.478Z info - Fetched 1 rows successfully
2019-05-06T04:51:32.512Z info - Processed password with salt
2019-05-06T04:51:32.514Z info - Fetched 1 rows successfully
2019-05-06T04:51:32.514Z info - Created new access token
2019-05-06T04:51:32.515Z info - Created new refresh token
2019-05-06T04:51:32.518Z info - Change occurences on 1 rows
2019-05-06T04:51:32.520Z info - Database connection terminated
2019-05-06T04:51:32.722Z info - Database connection established
2019-05-06T04:51:32.726Z info - Fetched 1 rows successfully
2019-05-06T04:51:32.729Z info - Database connection terminated
2019-05-06T04:51:53.053Z info - Database connection established
2019-05-06T04:51:53.057Z info - Fetched 1 rows successfully
2019-05-06T04:51:53.077Z info - Processed password with salt
2019-05-06T04:51:53.078Z info - Fetched 1 rows successfully
2019-05-06T04:51:53.079Z info - Created new access token
2019-05-06T04:51:53.081Z info - Created new refresh token
2019-05-06T04:51:53.085Z info - Change occurences on 1 rows
2019-05-06T04:51:53.087Z info - Database connection terminated
2019-05-06T04:51:53.094Z info - Database connection established
2019-05-06T04:51:53.096Z info - Fetched 1 rows successfully
2019-05-06T04:51:53.098Z info - Database connection terminated
2019-05-06T04:51:56.999Z info - Database connection established
2019-05-06T04:51:57.002Z info - Fetched 1 rows successfully
2019-05-06T04:51:57.046Z info - Processed password with salt
2019-05-06T04:51:57.048Z info - Fetched 1 rows successfully
2019-05-06T04:51:57.049Z info - Created new access token
2019-05-06T04:51:57.050Z info - Created new refresh token
2019-05-06T04:51:57.055Z info - Change occurences on 1 rows
2019-05-06T04:51:57.057Z info - Database connection terminated
2019-05-06T04:51:57.248Z info - Database connection established
2019-05-06T04:51:57.251Z info - Fetched 1 rows successfully
2019-05-06T04:51:57.254Z info - Database connection terminated
2019-05-06T04:52:50.748Z info - Database connection established
2019-05-06T04:52:50.753Z info - Fetched 1 rows successfully
2019-05-06T04:52:50.772Z info - Processed password with salt
2019-05-06T04:52:50.773Z info - Fetched 1 rows successfully
2019-05-06T04:52:50.774Z info - Created new access token
2019-05-06T04:52:50.774Z info - Created new refresh token
2019-05-06T04:52:50.778Z info - Change occurences on 1 rows
2019-05-06T04:52:50.780Z info - Database connection terminated
2019-05-06T04:52:50.789Z info - Database connection established
2019-05-06T04:52:50.795Z info - Fetched 1 rows successfully
2019-05-06T04:52:50.798Z info - Database connection terminated
2019-05-06T04:53:24.851Z info - Database connection established
2019-05-06T04:53:24.853Z info - Fetched 1 rows successfully
2019-05-06T04:53:24.872Z info - Processed password with salt
2019-05-06T04:53:24.873Z info - Fetched 1 rows successfully
2019-05-06T04:53:24.874Z info - Created new access token
2019-05-06T04:53:24.874Z info - Created new refresh token
2019-05-06T04:53:24.878Z info - Change occurences on 1 rows
2019-05-06T04:53:24.880Z info - Database connection terminated
2019-05-06T04:53:25.192Z info - Database connection established
2019-05-06T04:53:25.200Z info - Fetched 1 rows successfully
2019-05-06T04:53:25.204Z info - Database connection terminated
2019-05-06T04:56:19.752Z info - Database connection established
2019-05-06T04:58:03.765Z info - Database connection established
2019-05-06T04:58:03.775Z info - Fetched 1 rows successfully
2019-05-06T04:58:03.836Z info - Processed password with salt
2019-05-06T04:58:03.837Z info - Fetched 1 rows successfully
2019-05-06T04:58:03.839Z info - Created new access token
2019-05-06T04:58:03.839Z info - Created new refresh token
2019-05-06T04:58:03.844Z info - Change occurences on 1 rows
2019-05-06T04:58:03.847Z info - Database connection terminated
2019-05-06T04:58:04.014Z info - Database connection established
2019-05-06T04:58:04.019Z info - Fetched 1 rows successfully
2019-05-06T04:58:04.021Z info - Database connection terminated
2019-05-06T04:59:57.527Z info - Database connection established
2019-05-06T05:01:01.039Z info - Database connection established
2019-05-06T05:01:01.044Z info - Fetched 1 rows successfully
2019-05-06T05:01:01.074Z info - Processed password with salt
2019-05-06T05:01:01.076Z info - Fetched 1 rows successfully
2019-05-06T05:01:01.076Z info - Created new access token
2019-05-06T05:01:01.077Z info - Created new refresh token
2019-05-06T05:01:01.082Z info - Change occurences on 1 rows
2019-05-06T05:01:01.084Z info - Database connection terminated
2019-05-06T05:01:01.289Z info - Database connection established
2019-05-06T05:01:01.293Z info - Fetched 1 rows successfully
2019-05-06T05:01:01.295Z info - Database connection terminated
2019-05-06T05:01:06.446Z info - Database connection established
2019-05-06T05:01:16.520Z info - Database connection established
2019-05-06T05:01:16.524Z info - Fetched 1 rows successfully
2019-05-06T05:01:16.545Z info - Processed password with salt
2019-05-06T05:01:16.547Z info - Fetched 1 rows successfully
2019-05-06T05:01:16.548Z info - Created new access token
2019-05-06T05:01:16.550Z info - Created new refresh token
2019-05-06T05:01:16.556Z info - Change occurences on 1 rows
2019-05-06T05:01:16.559Z info - Database connection terminated
2019-05-06T05:01:16.574Z info - Database connection established
2019-05-06T05:01:16.579Z info - Fetched 1 rows successfully
2019-05-06T05:01:16.582Z info - Database connection terminated
2019-05-06T05:01:47.577Z info - Database connection established
2019-05-06T05:02:21.635Z info - Database connection established
2019-05-06T05:02:32.802Z info - Database connection established
2019-05-06T05:02:32.805Z info - Fetched 1 rows successfully
2019-05-06T05:02:32.828Z info - Processed password with salt
2019-05-06T05:02:32.831Z info - Fetched 1 rows successfully
2019-05-06T05:02:32.833Z info - Created new access token
2019-05-06T05:02:32.834Z info - Created new refresh token
2019-05-06T05:02:32.840Z info - Change occurences on 1 rows
2019-05-06T05:02:32.842Z info - Database connection terminated
2019-05-06T05:02:33.153Z info - Database connection established
2019-05-06T05:02:33.155Z info - Fetched 1 rows successfully
2019-05-06T05:02:33.156Z info - Database connection terminated
2019-05-06T05:03:12.404Z info - Database connection established
2019-05-06T05:03:21.827Z info - Database connection established
2019-05-06T05:03:21.829Z info - Fetched 1 rows successfully
2019-05-06T05:03:21.847Z info - Processed password with salt
2019-05-06T05:03:21.849Z info - Fetched 1 rows successfully
2019-05-06T05:03:21.849Z info - Created new access token
2019-05-06T05:03:21.849Z info - Created new refresh token
2019-05-06T05:03:21.855Z info - Change occurences on 1 rows
2019-05-06T05:03:21.858Z info - Database connection terminated
2019-05-06T05:03:21.869Z info - Database connection established
2019-05-06T05:03:21.872Z info - Fetched 1 rows successfully
2019-05-06T05:03:21.876Z info - Database connection terminated
2019-05-06T05:03:33.826Z info - Database connection established
2019-05-06T05:04:23.914Z info - Database connection established
2019-05-06T05:04:23.918Z info - Fetched 1 rows successfully
2019-05-06T05:04:23.951Z info - Processed password with salt
2019-05-06T05:04:23.952Z info - Fetched 1 rows successfully
2019-05-06T05:04:23.953Z info - Created new access token
2019-05-06T05:04:23.953Z info - Created new refresh token
2019-05-06T05:04:23.958Z info - Change occurences on 1 rows
2019-05-06T05:04:23.961Z info - Database connection terminated
2019-05-06T05:04:24.167Z info - Database connection established
2019-05-06T05:04:24.174Z info - Fetched 1 rows successfully
2019-05-06T05:04:24.178Z info - Database connection terminated
2019-05-06T05:04:27.718Z info - Database connection established
2019-05-06T05:04:43.239Z info - Database connection established
2019-05-06T05:05:11.627Z info - Database connection established
2019-05-06T05:05:11.630Z info - Fetched 1 rows successfully
2019-05-06T05:05:11.648Z info - Processed password with salt
2019-05-06T05:05:11.650Z info - Fetched 1 rows successfully
2019-05-06T05:05:11.650Z info - Created new access token
2019-05-06T05:05:11.651Z info - Created new refresh token
2019-05-06T05:05:11.655Z info - Change occurences on 1 rows
2019-05-06T05:05:11.658Z info - Database connection terminated
2019-05-06T05:05:11.970Z info - Database connection established
2019-05-06T05:05:11.976Z info - Fetched 1 rows successfully
2019-05-06T05:05:11.978Z info - Database connection terminated
2019-05-06T05:05:14.511Z info - Database connection established
2019-05-06T05:05:29.444Z info - Database connection established
2019-05-06T05:05:29.446Z info - Fetched 1 rows successfully
2019-05-06T05:05:29.466Z info - Processed password with salt
2019-05-06T05:05:29.467Z info - Fetched 1 rows successfully
2019-05-06T05:05:29.468Z info - Created new access token
2019-05-06T05:05:29.469Z info - Created new refresh token
2019-05-06T05:05:29.476Z info - Change occurences on 1 rows
2019-05-06T05:05:29.479Z info - Database connection terminated
2019-05-06T05:05:29.492Z info - Database connection established
2019-05-06T05:05:29.497Z info - Fetched 1 rows successfully
2019-05-06T05:05:29.499Z info - Database connection terminated
2019-05-06T05:05:31.284Z info - Database connection established
2019-05-06T05:06:04.639Z info - Database connection established
2019-05-06T05:06:04.641Z info - Fetched 1 rows successfully
2019-05-06T05:06:04.660Z info - Processed password with salt
2019-05-06T05:06:04.661Z info - Fetched 1 rows successfully
2019-05-06T05:06:04.662Z info - Created new access token
2019-05-06T05:06:04.662Z info - Created new refresh token
2019-05-06T05:06:04.666Z info - Change occurences on 1 rows
2019-05-06T05:06:04.667Z info - Database connection terminated
2019-05-06T05:06:04.978Z info - Database connection established
2019-05-06T05:06:04.981Z info - Fetched 1 rows successfully
2019-05-06T05:06:04.984Z info - Database connection terminated
2019-05-06T05:06:07.970Z info - Database connection established
2019-05-06T05:06:55.779Z info - Database connection established
2019-05-06T05:06:55.782Z info - Fetched 1 rows successfully
2019-05-06T05:06:55.800Z info - Processed password with salt
2019-05-06T05:06:55.801Z info - Fetched 1 rows successfully
2019-05-06T05:06:55.801Z info - Created new access token
2019-05-06T05:06:55.802Z info - Created new refresh token
2019-05-06T05:06:55.806Z info - Change occurences on 1 rows
2019-05-06T05:06:55.807Z info - Database connection terminated
2019-05-06T05:06:55.816Z info - Database connection established
2019-05-06T05:06:55.821Z info - Fetched 1 rows successfully
2019-05-06T05:06:55.824Z info - Database connection terminated
2019-05-06T05:07:04.823Z info - Database connection established
2019-05-06T05:08:41.733Z info - Database connection established
2019-05-06T05:08:41.735Z info - Fetched 1 rows successfully
2019-05-06T05:08:41.754Z info - Processed password with salt
2019-05-06T05:08:41.754Z info - Fetched 1 rows successfully
2019-05-06T05:08:41.755Z info - Created new access token
2019-05-06T05:08:41.755Z info - Created new refresh token
2019-05-06T05:08:41.759Z info - Change occurences on 1 rows
2019-05-06T05:08:41.762Z info - Database connection terminated
2019-05-06T05:08:41.771Z info - Database connection established
2019-05-06T05:08:41.774Z info - Fetched 1 rows successfully
2019-05-06T05:08:41.777Z info - Database connection terminated
2019-05-06T05:09:24.827Z info - Database connection established
2019-05-06T05:09:24.831Z info - Fetched 1 rows successfully
2019-05-06T05:09:24.878Z info - Processed password with salt
2019-05-06T05:09:24.879Z info - Fetched 1 rows successfully
2019-05-06T05:09:24.879Z info - Created new access token
2019-05-06T05:09:24.880Z info - Created new refresh token
2019-05-06T05:09:24.884Z info - Change occurences on 1 rows
2019-05-06T05:09:24.886Z info - Database connection terminated
2019-05-06T05:09:25.079Z info - Database connection established
2019-05-06T05:09:25.084Z info - Fetched 1 rows successfully
2019-05-06T05:09:25.086Z info - Database connection terminated
2019-05-06T05:10:06.388Z info - Database connection established
2019-05-06T05:10:06.392Z info - Fetched 1 rows successfully
2019-05-06T05:10:06.433Z info - Processed password with salt
2019-05-06T05:10:06.434Z info - Fetched 1 rows successfully
2019-05-06T05:10:06.435Z info - Created new access token
2019-05-06T05:10:06.435Z info - Created new refresh token
2019-05-06T05:10:06.439Z info - Change occurences on 1 rows
2019-05-06T05:10:06.440Z info - Database connection terminated
2019-05-06T05:10:06.641Z info - Database connection established
2019-05-06T05:10:06.647Z info - Fetched 1 rows successfully
2019-05-06T05:10:06.652Z info - Database connection terminated
2019-05-06T05:10:49.040Z info - Database connection established
2019-05-06T05:14:37.577Z info - Database connection established
2019-05-06T05:14:37.580Z info - Fetched 1 rows successfully
2019-05-06T05:14:37.600Z info - Processed password with salt
2019-05-06T05:14:37.602Z info - Fetched 1 rows successfully
2019-05-06T05:14:37.602Z info - Created new access token
2019-05-06T05:14:37.603Z info - Created new refresh token
2019-05-06T05:14:37.606Z info - Change occurences on 1 rows
2019-05-06T05:14:37.608Z info - Database connection terminated
2019-05-06T05:14:37.918Z info - Database connection established
2019-05-06T05:14:37.922Z info - Fetched 1 rows successfully
2019-05-06T05:14:37.924Z info - Database connection terminated
2019-05-06T05:14:44.537Z info - Database connection established
2019-05-06T05:24:28.955Z info - Database connection established
2019-05-06T05:24:28.958Z info - Fetched 1 rows successfully
2019-05-06T05:24:28.976Z info - Processed password with salt
2019-05-06T05:24:28.977Z info - Fetched 1 rows successfully
2019-05-06T05:24:28.977Z info - Created new access token
2019-05-06T05:24:28.978Z info - Created new refresh token
2019-05-06T05:24:28.982Z info - Change occurences on 1 rows
2019-05-06T05:24:28.984Z info - Database connection terminated
2019-05-06T05:24:28.992Z info - Database connection established
2019-05-06T05:24:28.994Z info - Fetched 1 rows successfully
2019-05-06T05:24:28.995Z info - Database connection terminated
2019-05-06T05:24:36.107Z info - Database connection established
2019-05-06T05:27:19.091Z info - Database connection established
2019-05-06T05:27:19.095Z info - Fetched 1 rows successfully
2019-05-06T05:27:19.139Z info - Processed password with salt
2019-05-06T05:27:19.141Z info - Fetched 1 rows successfully
2019-05-06T05:27:19.144Z info - Created new access token
2019-05-06T05:27:19.145Z info - Created new refresh token
2019-05-06T05:27:19.149Z info - Change occurences on 1 rows
2019-05-06T05:27:19.150Z info - Database connection terminated
2019-05-06T05:27:19.341Z info - Database connection established
2019-05-06T05:27:19.345Z info - Fetched 1 rows successfully
2019-05-06T05:27:19.347Z info - Database connection terminated
2019-05-06T05:27:38.009Z info - Database connection established
2019-05-06T05:28:22.578Z info - Database connection established
2019-05-06T05:28:22.581Z info - Fetched 1 rows successfully
2019-05-06T05:28:22.599Z info - Processed password with salt
2019-05-06T05:28:22.600Z info - Fetched 1 rows successfully
2019-05-06T05:28:22.601Z info - Created new access token
2019-05-06T05:28:22.601Z info - Created new refresh token
2019-05-06T05:28:22.605Z info - Change occurences on 1 rows
2019-05-06T05:28:22.606Z info - Database connection terminated
2019-05-06T05:28:22.613Z info - Database connection established
2019-05-06T05:28:22.615Z info - Fetched 1 rows successfully
2019-05-06T05:28:22.616Z info - Database connection terminated
2019-05-06T05:28:30.631Z info - Database connection established
2019-05-06T05:31:48.449Z info - Database connection established
2019-05-06T05:31:48.452Z info - Fetched 1 rows successfully
2019-05-06T05:31:48.471Z info - Processed password with salt
2019-05-06T05:31:48.473Z info - Fetched 1 rows successfully
2019-05-06T05:31:48.473Z info - Created new access token
2019-05-06T05:31:48.474Z info - Created new refresh token
2019-05-06T05:31:48.480Z info - Change occurences on 1 rows
2019-05-06T05:31:48.481Z info - Database connection terminated
2019-05-06T05:31:48.490Z info - Database connection established
2019-05-06T05:31:48.492Z info - Fetched 1 rows successfully
2019-05-06T05:31:48.496Z info - Database connection terminated
2019-05-06T05:32:13.170Z info - Database connection established
2019-05-06T05:32:13.172Z info - Fetched 1 rows successfully
2019-05-06T05:32:13.191Z info - Processed password with salt
2019-05-06T05:32:13.192Z info - Fetched 1 rows successfully
2019-05-06T05:32:13.193Z info - Created new access token
2019-05-06T05:32:13.194Z info - Created new refresh token
2019-05-06T05:32:13.197Z info - Change occurences on 1 rows
2019-05-06T05:32:13.199Z info - Database connection terminated
2019-05-06T05:32:13.207Z info - Database connection established
2019-05-06T05:32:13.209Z info - Fetched 1 rows successfully
2019-05-06T05:32:13.210Z info - Database connection terminated
2019-05-06T05:32:16.737Z info - Database connection established
2019-05-06T05:33:03.690Z info - Database connection established
2019-05-06T05:33:03.693Z info - Fetched 1 rows successfully
2019-05-06T05:33:03.712Z info - Processed password with salt
2019-05-06T05:33:03.713Z info - Fetched 1 rows successfully
2019-05-06T05:33:03.714Z info - Created new access token
2019-05-06T05:33:03.715Z info - Created new refresh token
2019-05-06T05:33:03.719Z info - Change occurences on 1 rows
2019-05-06T05:33:03.722Z info - Database connection terminated
2019-05-06T05:33:03.732Z info - Database connection established
2019-05-06T05:33:03.734Z info - Fetched 1 rows successfully
2019-05-06T05:33:03.736Z info - Database connection terminated
2019-05-06T05:33:09.743Z info - Database connection established
2019-05-06T05:34:19.355Z info - Database connection established
2019-05-06T05:34:19.358Z info - Fetched 1 rows successfully
2019-05-06T05:34:19.378Z info - Processed password with salt
2019-05-06T05:34:19.379Z info - Fetched 1 rows successfully
2019-05-06T05:34:19.379Z info - Created new access token
2019-05-06T05:34:19.380Z info - Created new refresh token
2019-05-06T05:34:19.384Z info - Change occurences on 1 rows
2019-05-06T05:34:19.386Z info - Database connection terminated
2019-05-06T05:34:19.395Z info - Database connection established
2019-05-06T05:34:19.399Z info - Fetched 1 rows successfully
2019-05-06T05:34:19.401Z info - Database connection terminated
2019-05-06T05:34:27.707Z info - Database connection established
2019-05-06T05:34:42.964Z info - Database connection established
2019-05-06T05:34:45.169Z info - Database connection established
2019-05-06T05:36:51.314Z info - Database connection established
2019-05-06T05:36:51.359Z info - Database connection terminated
2019-05-06T05:37:22.702Z info - Database connection established
2019-05-06T05:37:22.708Z info - Database connection terminated
2019-05-06T05:38:02.563Z info - Database connection established
2019-05-06T05:38:02.567Z info - Database connection terminated
2019-05-06T05:39:37.615Z info - Database connection established
2019-05-06T05:39:37.619Z info - Database connection terminated
2019-05-06T05:39:48.768Z info - Database connection established
2019-05-06T05:39:48.780Z info - Fetched 1 rows successfully
2019-05-06T05:39:48.823Z info - Processed password with salt
2019-05-06T05:39:48.824Z info - Fetched 1 rows successfully
2019-05-06T05:39:48.826Z info - Created new access token
2019-05-06T05:39:48.827Z info - Created new refresh token
2019-05-06T05:39:48.832Z info - Change occurences on 1 rows
2019-05-06T05:39:48.834Z info - Database connection terminated
2019-05-06T05:40:01.462Z info - Database connection established
2019-05-06T05:40:01.467Z info - Fetched 1 rows successfully
2019-05-06T05:40:01.511Z info - Processed password with salt
2019-05-06T05:40:01.512Z info - Fetched 1 rows successfully
2019-05-06T05:40:01.514Z info - Created new access token
2019-05-06T05:40:01.514Z info - Created new refresh token
2019-05-06T05:40:01.518Z info - Change occurences on 1 rows
2019-05-06T05:40:01.520Z info - Database connection terminated
2019-05-06T05:40:14.213Z info - Database connection established
2019-05-06T05:40:14.218Z info - Fetched 1 rows successfully
2019-05-06T05:40:14.263Z info - Processed password with salt
2019-05-06T05:40:14.264Z info - Fetched 1 rows successfully
2019-05-06T05:40:14.265Z info - Created new access token
2019-05-06T05:40:14.265Z info - Created new refresh token
2019-05-06T05:40:14.269Z info - Change occurences on 1 rows
2019-05-06T05:40:14.271Z info - Database connection terminated
2019-05-06T05:40:48.793Z info - Database connection established
2019-05-06T05:40:48.796Z info - Database connection terminated
2019-05-06T05:40:53.496Z info - Database connection established
2019-05-06T05:40:53.498Z info - Fetched 1 rows successfully
2019-05-06T05:40:53.516Z info - Processed password with salt
2019-05-06T05:40:53.518Z info - Fetched 1 rows successfully
2019-05-06T05:40:53.519Z info - Created new access token
2019-05-06T05:40:53.519Z info - Created new refresh token
2019-05-06T05:40:53.525Z info - Change occurences on 1 rows
2019-05-06T05:40:53.528Z info - Database connection terminated
2019-05-06T05:41:16.405Z info - Database connection established
2019-05-06T05:41:16.408Z info - Database connection terminated
2019-05-06T05:41:22.185Z info - Database connection established
2019-05-06T05:41:22.192Z info - Fetched 1 rows successfully
2019-05-06T05:41:22.246Z info - Processed password with salt
2019-05-06T05:41:22.247Z info - Fetched 1 rows successfully
2019-05-06T05:41:22.248Z info - Created new access token
2019-05-06T05:41:22.249Z info - Created new refresh token
2019-05-06T05:41:22.254Z info - Change occurences on 1 rows
2019-05-06T05:41:22.256Z info - Database connection terminated
2019-05-06T05:41:27.359Z info - Database connection established
2019-05-06T05:41:27.362Z info - Fetched 1 rows successfully
2019-05-06T05:41:27.385Z info - Processed password with salt
2019-05-06T05:41:27.386Z info - Fetched 1 rows successfully
2019-05-06T05:41:27.387Z info - Created new access token
2019-05-06T05:41:27.387Z info - Created new refresh token
2019-05-06T05:41:27.393Z info - Change occurences on 1 rows
2019-05-06T05:41:27.396Z info - Database connection terminated
2019-05-06T05:41:33.381Z info - Database connection established
2019-05-06T05:41:33.385Z info - Fetched 1 rows successfully
2019-05-06T05:41:33.435Z info - Processed password with salt
2019-05-06T05:41:33.438Z info - Fetched 1 rows successfully
2019-05-06T05:41:33.439Z info - Created new access token
2019-05-06T05:41:33.440Z info - Created new refresh token
2019-05-06T05:41:33.446Z info - Change occurences on 1 rows
2019-05-06T05:41:33.448Z info - Database connection terminated
2019-05-06T05:41:36.165Z info - Database connection established
2019-05-06T05:41:36.168Z info - Database connection terminated
2019-05-06T05:41:38.438Z info - Database connection established
2019-05-06T05:41:38.441Z info - Database connection terminated
2019-05-06T05:41:39.442Z info - Database connection established
2019-05-06T05:41:39.446Z info - Database connection terminated
2019-05-06T05:41:40.292Z info - Database connection established
2019-05-06T05:41:40.294Z info - Database connection terminated
2019-05-06T05:41:41.700Z info - Database connection established
2019-05-06T05:41:41.703Z info - Database connection terminated
2019-05-06T05:41:42.335Z info - Database connection established
2019-05-06T05:41:42.339Z info - Database connection terminated
2019-05-06T05:41:42.979Z info - Database connection established
2019-05-06T05:41:42.981Z info - Database connection terminated
2019-05-06T05:47:38.370Z info - Database connection established
2019-05-06T05:47:38.373Z info - Database connection terminated
2019-05-06T05:52:28.524Z info - Database connection established
2019-05-06T05:52:28.529Z info - Database connection terminated
2019-05-06T05:52:39.691Z info - Database connection established
2019-05-06T05:52:39.694Z info - Database connection terminated
2019-05-06T05:53:13.664Z info - Database connection established
2019-05-06T05:53:13.668Z info - Fetched 1 rows successfully
2019-05-06T05:53:13.686Z info - Processed password with salt
2019-05-06T05:53:13.687Z info - Fetched 1 rows successfully
2019-05-06T05:53:13.688Z info - Created new access token
2019-05-06T05:53:13.689Z info - Created new refresh token
2019-05-06T05:53:13.694Z info - Change occurences on 1 rows
2019-05-06T05:53:13.696Z info - Database connection terminated
2019-05-06T06:06:03.794Z info - Database connection established
2019-05-06T06:06:03.798Z info - Database connection terminated
2019-05-06T06:09:05.870Z info - Database connection established
2019-05-06T06:09:05.874Z info - Fetched 1 rows successfully
2019-05-06T06:09:05.875Z info - Created new access token
2019-05-06T06:09:05.877Z info - Database connection terminated
2019-05-06T06:09:08.689Z info - Database connection established
2019-05-06T06:09:08.694Z info - Database connection terminated
2019-05-06T06:09:09.811Z info - Database connection established
2019-05-06T06:09:09.814Z info - Database connection terminated
2019-05-06T06:09:10.563Z info - Database connection established
2019-05-06T06:09:10.566Z info - Database connection terminated
2019-05-06T06:18:23.610Z info - Database connection established
2019-05-06T06:18:23.635Z info - Fetched 1 rows successfully
2019-05-06T06:18:23.654Z info - Processed password with salt
2019-05-06T06:18:23.655Z info - Fetched 1 rows successfully
2019-05-06T06:18:23.658Z info - Created new access token
2019-05-06T06:18:23.660Z info - Created new refresh token
2019-05-06T06:18:23.666Z info - Change occurences on 1 rows
2019-05-06T06:18:23.673Z info - Database connection terminated
